<?xml version="1.0" encoding="UTF-8"?>
<testng-results skipped="0" failed="0" total="1" passed="1">
  <reporter-output>
  </reporter-output>
  <suite name="Suite" duration-ms="25751" started-at="2017-01-02T10:03:55Z" finished-at="2017-01-02T10:04:21Z">
    <groups>
    </groups>
    <test name="test" duration-ms="25751" started-at="2017-01-02T10:03:55Z" finished-at="2017-01-02T10:04:21Z">
      <class name="leranGit.learnGit">
        <test-method status="PASS" signature="git()[pri:0, instance:leranGit.learnGit@19bb089b]" name="git" duration-ms="25687" started-at="2017-01-02T15:33:55Z" finished-at="2017-01-02T15:34:21Z">
          <reporter-output>
          </reporter-output>
        </test-method> <!-- git -->
      </class> <!-- leranGit.learnGit -->
    </test> <!-- test -->
  </suite> <!-- Suite -->
</testng-results>
